{"/home/mariiia8/frontend-project-46/src/index.js": {"path":"/home/mariiia8/frontend-project-46/src/index.js","all":false,"statementMap":{"0":{"start":{"line":1,"column":0},"end":{"line":1,"column":23}},"1":{"start":{"line":2,"column":0},"end":{"line":2,"column":35}},"2":{"start":{"line":3,"column":0},"end":{"line":3,"column":0}},"3":{"start":{"line":4,"column":0},"end":{"line":4,"column":37}},"4":{"start":{"line":5,"column":0},"end":{"line":5,"column":35}},"5":{"start":{"line":6,"column":0},"end":{"line":6,"column":35}},"6":{"start":{"line":7,"column":0},"end":{"line":7,"column":40}},"7":{"start":{"line":8,"column":0},"end":{"line":8,"column":39}},"8":{"start":{"line":9,"column":0},"end":{"line":9,"column":0}},"9":{"start":{"line":10,"column":0},"end":{"line":10,"column":34}},"10":{"start":{"line":11,"column":0},"end":{"line":11,"column":29}},"11":{"start":{"line":12,"column":0},"end":{"line":12,"column":55}},"12":{"start":{"line":13,"column":0},"end":{"line":13,"column":5}},"13":{"start":{"line":14,"column":0},"end":{"line":14,"column":29}},"14":{"start":{"line":15,"column":0},"end":{"line":15,"column":57}},"15":{"start":{"line":16,"column":0},"end":{"line":16,"column":5}},"16":{"start":{"line":17,"column":0},"end":{"line":17,"column":44}},"17":{"start":{"line":18,"column":0},"end":{"line":18,"column":59}},"18":{"start":{"line":19,"column":0},"end":{"line":19,"column":5}},"19":{"start":{"line":20,"column":0},"end":{"line":20,"column":12}},"20":{"start":{"line":21,"column":0},"end":{"line":21,"column":10}},"21":{"start":{"line":22,"column":0},"end":{"line":22,"column":25}},"22":{"start":{"line":23,"column":0},"end":{"line":23,"column":25}},"23":{"start":{"line":24,"column":0},"end":{"line":24,"column":22}},"24":{"start":{"line":25,"column":0},"end":{"line":25,"column":6}},"25":{"start":{"line":26,"column":0},"end":{"line":26,"column":5}},"26":{"start":{"line":27,"column":0},"end":{"line":27,"column":2}},"27":{"start":{"line":28,"column":0},"end":{"line":28,"column":0}},"28":{"start":{"line":29,"column":0},"end":{"line":29,"column":30}},"29":{"start":{"line":30,"column":0},"end":{"line":30,"column":36}},"30":{"start":{"line":31,"column":0},"end":{"line":31,"column":24}},"31":{"start":{"line":32,"column":0},"end":{"line":32,"column":19}},"32":{"start":{"line":33,"column":0},"end":{"line":33,"column":48}},"33":{"start":{"line":34,"column":0},"end":{"line":34,"column":21}},"34":{"start":{"line":35,"column":0},"end":{"line":35,"column":48}},"35":{"start":{"line":36,"column":0},"end":{"line":36,"column":23}},"36":{"start":{"line":37,"column":0},"end":{"line":37,"column":48}},"37":{"start":{"line":38,"column":0},"end":{"line":38,"column":21}},"38":{"start":{"line":39,"column":0},"end":{"line":39,"column":82}},"39":{"start":{"line":40,"column":0},"end":{"line":40,"column":14}},"40":{"start":{"line":41,"column":0},"end":{"line":41,"column":18}},"41":{"start":{"line":42,"column":0},"end":{"line":42,"column":5}},"42":{"start":{"line":43,"column":0},"end":{"line":43,"column":5}},"43":{"start":{"line":44,"column":0},"end":{"line":44,"column":37}},"44":{"start":{"line":45,"column":0},"end":{"line":45,"column":2}},"45":{"start":{"line":46,"column":0},"end":{"line":46,"column":0}},"46":{"start":{"line":47,"column":0},"end":{"line":47,"column":43}},"47":{"start":{"line":48,"column":0},"end":{"line":48,"column":35}},"48":{"start":{"line":49,"column":0},"end":{"line":49,"column":35}},"49":{"start":{"line":50,"column":0},"end":{"line":50,"column":39}},"50":{"start":{"line":51,"column":0},"end":{"line":51,"column":26}},"51":{"start":{"line":52,"column":0},"end":{"line":52,"column":2}},"52":{"start":{"line":53,"column":0},"end":{"line":53,"column":0}},"53":{"start":{"line":54,"column":0},"end":{"line":54,"column":23}}},"s":{"0":1,"1":1,"2":1,"3":1,"4":2,"5":2,"6":2,"7":2,"8":2,"9":2,"10":10,"11":2,"12":2,"13":10,"14":4,"15":4,"16":10,"17":2,"18":2,"19":2,"20":2,"21":2,"22":2,"23":2,"24":2,"25":2,"26":1,"27":1,"28":1,"29":2,"30":10,"31":10,"32":2,"33":10,"34":4,"35":10,"36":2,"37":10,"38":2,"39":10,"40":0,"41":10,"42":2,"43":2,"44":1,"45":1,"46":1,"47":3,"48":3,"49":3,"50":3,"51":1,"52":1,"53":1},"branchMap":{"0":{"type":"branch","line":1,"loc":{"start":{"line":1,"column":0},"end":{"line":54,"column":23}},"locations":[{"start":{"line":1,"column":0},"end":{"line":54,"column":23}}]},"1":{"type":"branch","line":4,"loc":{"start":{"line":4,"column":18},"end":{"line":27,"column":1}},"locations":[{"start":{"line":4,"column":18},"end":{"line":27,"column":1}}]},"2":{"type":"branch","line":10,"loc":{"start":{"line":10,"column":24},"end":{"line":26,"column":3}},"locations":[{"start":{"line":10,"column":24},"end":{"line":26,"column":3}}]},"3":{"type":"branch","line":11,"loc":{"start":{"line":11,"column":28},"end":{"line":13,"column":5}},"locations":[{"start":{"line":11,"column":28},"end":{"line":13,"column":5}}]},"4":{"type":"branch","line":14,"loc":{"start":{"line":14,"column":-1},"end":{"line":14,"column":28}},"locations":[{"start":{"line":14,"column":-1},"end":{"line":14,"column":28}}]},"5":{"type":"branch","line":14,"loc":{"start":{"line":14,"column":28},"end":{"line":17,"column":43}},"locations":[{"start":{"line":14,"column":28},"end":{"line":17,"column":43}}]},"6":{"type":"branch","line":17,"loc":{"start":{"line":17,"column":43},"end":{"line":26,"column":2}},"locations":[{"start":{"line":17,"column":43},"end":{"line":26,"column":2}}]},"7":{"type":"branch","line":29,"loc":{"start":{"line":29,"column":19},"end":{"line":45,"column":1}},"locations":[{"start":{"line":29,"column":19},"end":{"line":45,"column":1}}]},"8":{"type":"branch","line":30,"loc":{"start":{"line":30,"column":25},"end":{"line":43,"column":3}},"locations":[{"start":{"line":30,"column":25},"end":{"line":43,"column":3}}]},"9":{"type":"branch","line":32,"loc":{"start":{"line":32,"column":6},"end":{"line":33,"column":48}},"locations":[{"start":{"line":32,"column":6},"end":{"line":33,"column":48}}]},"10":{"type":"branch","line":34,"loc":{"start":{"line":34,"column":6},"end":{"line":35,"column":48}},"locations":[{"start":{"line":34,"column":6},"end":{"line":35,"column":48}}]},"11":{"type":"branch","line":36,"loc":{"start":{"line":36,"column":6},"end":{"line":37,"column":48}},"locations":[{"start":{"line":36,"column":6},"end":{"line":37,"column":48}}]},"12":{"type":"branch","line":38,"loc":{"start":{"line":38,"column":6},"end":{"line":39,"column":82}},"locations":[{"start":{"line":38,"column":6},"end":{"line":39,"column":82}}]},"13":{"type":"branch","line":40,"loc":{"start":{"line":40,"column":6},"end":{"line":41,"column":18}},"locations":[{"start":{"line":40,"column":6},"end":{"line":41,"column":18}}]},"14":{"type":"branch","line":47,"loc":{"start":{"line":47,"column":16},"end":{"line":52,"column":1}},"locations":[{"start":{"line":47,"column":16},"end":{"line":52,"column":1}}]}},"b":{"0":[1],"1":[2],"2":[10],"3":[2],"4":[8],"5":[4],"6":[2],"7":[2],"8":[10],"9":[2],"10":[4],"11":[2],"12":[2],"13":[0],"14":[3]},"fnMap":{"0":{"name":"buildDiff","decl":{"start":{"line":4,"column":18},"end":{"line":27,"column":1}},"loc":{"start":{"line":4,"column":18},"end":{"line":27,"column":1}},"line":4},"1":{"name":"formatDiff","decl":{"start":{"line":29,"column":19},"end":{"line":45,"column":1}},"loc":{"start":{"line":29,"column":19},"end":{"line":45,"column":1}},"line":29},"2":{"name":"genDiff","decl":{"start":{"line":47,"column":16},"end":{"line":52,"column":1}},"loc":{"start":{"line":47,"column":16},"end":{"line":52,"column":1}},"line":47}},"f":{"0":2,"1":2,"2":3}}
,"/home/mariiia8/frontend-project-46/src/parsers.js": {"path":"/home/mariiia8/frontend-project-46/src/parsers.js","all":false,"statementMap":{"0":{"start":{"line":1,"column":0},"end":{"line":1,"column":34}},"1":{"start":{"line":2,"column":0},"end":{"line":2,"column":40}},"2":{"start":{"line":3,"column":0},"end":{"line":3,"column":27}},"3":{"start":{"line":4,"column":0},"end":{"line":4,"column":0}},"4":{"start":{"line":5,"column":0},"end":{"line":5,"column":71}},"5":{"start":{"line":6,"column":0},"end":{"line":6,"column":0}},"6":{"start":{"line":7,"column":0},"end":{"line":7,"column":32}},"7":{"start":{"line":8,"column":0},"end":{"line":8,"column":49}},"8":{"start":{"line":9,"column":0},"end":{"line":9,"column":45}},"9":{"start":{"line":10,"column":0},"end":{"line":10,"column":2}},"10":{"start":{"line":11,"column":0},"end":{"line":11,"column":0}},"11":{"start":{"line":12,"column":0},"end":{"line":12,"column":36}},"12":{"start":{"line":13,"column":0},"end":{"line":13,"column":19}},"13":{"start":{"line":14,"column":0},"end":{"line":14,"column":17}},"14":{"start":{"line":15,"column":0},"end":{"line":15,"column":33}},"15":{"start":{"line":16,"column":0},"end":{"line":16,"column":16}},"16":{"start":{"line":17,"column":0},"end":{"line":17,"column":17}},"17":{"start":{"line":18,"column":0},"end":{"line":18,"column":32}},"18":{"start":{"line":19,"column":0},"end":{"line":19,"column":12}},"19":{"start":{"line":20,"column":0},"end":{"line":20,"column":55}},"20":{"start":{"line":21,"column":0},"end":{"line":21,"column":3}},"21":{"start":{"line":22,"column":0},"end":{"line":22,"column":2}},"22":{"start":{"line":23,"column":0},"end":{"line":23,"column":0}},"23":{"start":{"line":24,"column":0},"end":{"line":24,"column":31}},"24":{"start":{"line":25,"column":0},"end":{"line":25,"column":37}},"25":{"start":{"line":26,"column":0},"end":{"line":26,"column":35}},"26":{"start":{"line":27,"column":0},"end":{"line":27,"column":32}},"27":{"start":{"line":28,"column":0},"end":{"line":28,"column":2}},"28":{"start":{"line":29,"column":0},"end":{"line":29,"column":0}},"29":{"start":{"line":30,"column":0},"end":{"line":30,"column":23}}},"s":{"0":1,"1":1,"2":1,"3":1,"4":1,"5":1,"6":1,"7":5,"8":5,"9":1,"10":1,"11":1,"12":4,"13":4,"14":2,"15":4,"16":4,"17":2,"18":4,"19":0,"20":4,"21":1,"22":1,"23":1,"24":5,"25":5,"26":5,"27":1,"28":1,"29":1},"branchMap":{"0":{"type":"branch","line":1,"loc":{"start":{"line":1,"column":0},"end":{"line":30,"column":23}},"locations":[{"start":{"line":1,"column":0},"end":{"line":30,"column":23}}]},"1":{"type":"branch","line":5,"loc":{"start":{"line":5,"column":24},"end":{"line":5,"column":70}},"locations":[{"start":{"line":5,"column":24},"end":{"line":5,"column":70}}]},"2":{"type":"branch","line":7,"loc":{"start":{"line":7,"column":17},"end":{"line":10,"column":1}},"locations":[{"start":{"line":7,"column":17},"end":{"line":10,"column":1}}]},"3":{"type":"branch","line":12,"loc":{"start":{"line":12,"column":14},"end":{"line":22,"column":1}},"locations":[{"start":{"line":12,"column":14},"end":{"line":22,"column":1}}]},"4":{"type":"branch","line":14,"loc":{"start":{"line":14,"column":4},"end":{"line":15,"column":33}},"locations":[{"start":{"line":14,"column":4},"end":{"line":15,"column":33}}]},"5":{"type":"branch","line":16,"loc":{"start":{"line":16,"column":4},"end":{"line":16,"column":16}},"locations":[{"start":{"line":16,"column":4},"end":{"line":16,"column":16}}]},"6":{"type":"branch","line":17,"loc":{"start":{"line":17,"column":4},"end":{"line":18,"column":32}},"locations":[{"start":{"line":17,"column":4},"end":{"line":18,"column":32}}]},"7":{"type":"branch","line":19,"loc":{"start":{"line":19,"column":4},"end":{"line":20,"column":55}},"locations":[{"start":{"line":19,"column":4},"end":{"line":20,"column":55}}]},"8":{"type":"branch","line":24,"loc":{"start":{"line":24,"column":16},"end":{"line":28,"column":1}},"locations":[{"start":{"line":24,"column":16},"end":{"line":28,"column":1}}]}},"b":{"0":[1],"1":[5],"2":[5],"3":[4],"4":[2],"5":[2],"6":[2],"7":[0],"8":[5]},"fnMap":{"0":{"name":"getAbsolutePath","decl":{"start":{"line":5,"column":24},"end":{"line":5,"column":70}},"loc":{"start":{"line":5,"column":24},"end":{"line":5,"column":70}},"line":5},"1":{"name":"readFile","decl":{"start":{"line":7,"column":17},"end":{"line":10,"column":1}},"loc":{"start":{"line":7,"column":17},"end":{"line":10,"column":1}},"line":7},"2":{"name":"parse","decl":{"start":{"line":12,"column":14},"end":{"line":22,"column":1}},"loc":{"start":{"line":12,"column":14},"end":{"line":22,"column":1}},"line":12},"3":{"name":"getData","decl":{"start":{"line":24,"column":16},"end":{"line":28,"column":1}},"loc":{"start":{"line":24,"column":16},"end":{"line":28,"column":1}},"line":24}},"f":{"0":5,"1":5,"2":4,"3":5}}
}
