TN:
SF:src/index.js
FN:4,buildDiff
FN:29,formatDiff
FN:47,genDiff
FNF:3
FNH:3
FNDA:2,buildDiff
FNDA:2,formatDiff
FNDA:3,genDiff
DA:1,1
DA:2,1
DA:3,1
DA:4,1
DA:5,2
DA:6,2
DA:7,2
DA:8,2
DA:9,2
DA:10,2
DA:11,10
DA:12,2
DA:13,2
DA:14,10
DA:15,4
DA:16,4
DA:17,10
DA:18,2
DA:19,2
DA:20,2
DA:21,2
DA:22,2
DA:23,2
DA:24,2
DA:25,2
DA:26,2
DA:27,1
DA:28,1
DA:29,1
DA:30,2
DA:31,10
DA:32,10
DA:33,2
DA:34,10
DA:35,4
DA:36,10
DA:37,2
DA:38,10
DA:39,2
DA:40,10
DA:41,0
DA:42,10
DA:43,2
DA:44,2
DA:45,1
DA:46,1
DA:47,1
DA:48,3
DA:49,3
DA:50,3
DA:51,3
DA:52,1
DA:53,1
DA:54,1
LF:54
LH:53
BRDA:1,0,0,1
BRDA:4,1,0,2
BRDA:10,2,0,10
BRDA:11,3,0,2
BRDA:14,4,0,8
BRDA:14,5,0,4
BRDA:17,6,0,2
BRDA:29,7,0,2
BRDA:30,8,0,10
BRDA:32,9,0,2
BRDA:34,10,0,4
BRDA:36,11,0,2
BRDA:38,12,0,2
BRDA:40,13,0,0
BRDA:47,14,0,3
BRF:15
BRH:14
end_of_record
TN:
SF:src/parsers.js
FN:5,getAbsolutePath
FN:7,readFile
FN:12,parse
FN:24,getData
FNF:4
FNH:4
FNDA:5,getAbsolutePath
FNDA:5,readFile
FNDA:4,parse
FNDA:5,getData
DA:1,1
DA:2,1
DA:3,1
DA:4,1
DA:5,1
DA:6,1
DA:7,1
DA:8,5
DA:9,5
DA:10,1
DA:11,1
DA:12,1
DA:13,4
DA:14,4
DA:15,2
DA:16,4
DA:17,4
DA:18,2
DA:19,4
DA:20,0
DA:21,4
DA:22,1
DA:23,1
DA:24,1
DA:25,5
DA:26,5
DA:27,5
DA:28,1
DA:29,1
DA:30,1
LF:30
LH:29
BRDA:1,0,0,1
BRDA:5,1,0,5
BRDA:7,2,0,5
BRDA:12,3,0,4
BRDA:14,4,0,2
BRDA:16,5,0,2
BRDA:17,6,0,2
BRDA:19,7,0,0
BRDA:24,8,0,5
BRF:9
BRH:8
end_of_record
